<?xml version="1.0" encoding="UTF-8"?>
<definitions xmlns="http://www.omg.org/spec/BPMN/20100524/MODEL" xmlns:xsi="http://www.w3.org/2001/XMLSchema-instance" xmlns:xsd="http://www.w3.org/2001/XMLSchema" xmlns:flowable="http://flowable.org/bpmn" xmlns:bpmndi="http://www.omg.org/spec/BPMN/20100524/DI" xmlns:omgdc="http://www.omg.org/spec/DD/20100524/DC" xmlns:omgdi="http://www.omg.org/spec/DD/20100524/DI" typeLanguage="http://www.w3.org/2001/XMLSchema" expressionLanguage="http://www.w3.org/1999/XPath" targetNamespace="http://www.omg.org/spec/BPMN/20100524/MODEL">
  <process id="testProcess" isExecutable="true">
    <startEvent id="theStart" name="Start" flowable:initiator="initiator"></startEvent>
    <userTask id="userTask01" name="User Task 01" flowable:assignee="${initiator}">
      <extensionElements>
        <modeler:initiator-can-complete xmlns:modeler="http://flowable.org/modeler"><![CDATA[false]]></modeler:initiator-can-complete>
      </extensionElements>
    </userTask>
    <sequenceFlow id="sequenceFlow-be484963-0d94-48fc-a6eb-594e896a5d84" sourceRef="userTask01" targetRef="theFork"></sequenceFlow>
    <parallelGateway id="theFork"></parallelGateway>
    <sequenceFlow id="sequenceFlow-92fa8e44-4907-4bf3-8198-4a8833ca5054" sourceRef="theFork" targetRef="userTask02"></sequenceFlow>
    <sequenceFlow id="sequenceFlow-ec98f678-d215-4e72-a17a-ebbeb2c90153" sourceRef="theFork" targetRef="userTask03"></sequenceFlow>
    <sequenceFlow id="sequenceFlow-29bb3621-64bf-43a4-bb20-9acaf19a6177" sourceRef="theFork" targetRef="nestedFork"></sequenceFlow>
    <userTask id="userTask02" name="User Task 02" flowable:assignee="${assignee02}">
      <extensionElements>
        <modeler:initiator-can-complete xmlns:modeler="http://flowable.org/modeler"><![CDATA[false]]></modeler:initiator-can-complete>
      </extensionElements>
    </userTask>
    <sequenceFlow id="sequenceFlow-ea7ed625-3d07-46b3-8c6f-a1db6e02f72a" sourceRef="userTask02" targetRef="serviceTask01"></sequenceFlow>
    <serviceTask id="serviceTask01" flowable:class="org.flowable.delegate.DummyServiceTask"></serviceTask>
    <sequenceFlow id="sequenceFlow-ca61b9e3-9574-40af-a5bc-65c854aa4236" sourceRef="serviceTask01" targetRef="serviceTask02"></sequenceFlow>
    <serviceTask id="serviceTask02" flowable:class="org.flowable.delegate.DummyServiceTask"></serviceTask>
    <sequenceFlow id="sequenceFlow-b376309d-c268-490a-ba73-794c2f67ec13" sourceRef="serviceTask02" targetRef="serviceTask03"></sequenceFlow>
    <serviceTask id="serviceTask03" flowable:class="org.flowable.delegate.DummyServiceTask"></serviceTask>
    <sequenceFlow id="sequenceFlow-e05e8941-bfcd-4213-b10e-a6e09d00b6ca" sourceRef="serviceTask03" targetRef="theJoin"></sequenceFlow>
    <userTask id="userTask03" name="User Task 03" flowable:assignee="${assignee03}">
      <extensionElements>
        <modeler:initiator-can-complete xmlns:modeler="http://flowable.org/modeler"><![CDATA[false]]></modeler:initiator-can-complete>
      </extensionElements>
    </userTask>
    <sequenceFlow id="sequenceFlow-6a633f92-2575-4a9d-9139-e8088f12bea6" sourceRef="userTask03" targetRef="theJoin"></sequenceFlow>
    <parallelGateway id="nestedFork"></parallelGateway>
    <sequenceFlow id="sequenceFlow-23f19015-864d-403b-9b04-55ac319b56f1" sourceRef="nestedFork" targetRef="userTask04"></sequenceFlow>
    <sequenceFlow id="sequenceFlow-bd0070f3-a949-4821-96ef-97971f5f9ea0" sourceRef="nestedFork" targetRef="userTask05"></sequenceFlow>
    <sequenceFlow id="sequenceFlow-95c79750-b429-4179-b01b-200f641574c8" sourceRef="nestedFork" targetRef="userTask06"></sequenceFlow>
    <sequenceFlow id="sequenceFlow-72fb36d8-ad13-4a6d-9b3a-c636db067136" sourceRef="nestedFork" targetRef="userTask07"></sequenceFlow>
    <sequenceFlow id="sequenceFlow-77b9a977-f2c2-4132-911c-54fa6932d508" sourceRef="nestedFork" targetRef="userTask08"></sequenceFlow>
    <userTask id="userTask04" name="User Task 04" flowable:assignee="${assignee04}">
      <extensionElements>
        <modeler:initiator-can-complete xmlns:modeler="http://flowable.org/modeler"><![CDATA[false]]></modeler:initiator-can-complete>
      </extensionElements>
    </userTask>
    <sequenceFlow id="sequenceFlow-9bdaa218-0116-4dcc-ac14-7801d73567af" sourceRef="userTask04" targetRef="nestedJoin"></sequenceFlow>
    <userTask id="userTask05" name="User Task 05" flowable:assignee="${assignee05}">
      <extensionElements>
        <modeler:initiator-can-complete xmlns:modeler="http://flowable.org/modeler"><![CDATA[false]]></modeler:initiator-can-complete>
      </extensionElements>
    </userTask>
    <sequenceFlow id="sequenceFlow-6919a01c-ba7d-4d08-bc70-1f870d6b9bc0" sourceRef="userTask05" targetRef="nestedJoin"></sequenceFlow>
    <userTask id="userTask06" name="User Task 06" flowable:assignee="${assignee06}">
      <extensionElements>
        <modeler:initiator-can-complete xmlns:modeler="http://flowable.org/modeler"><![CDATA[false]]></modeler:initiator-can-complete>
      </extensionElements>
    </userTask>
    <sequenceFlow id="sequenceFlow-9528d357-c425-4ee6-b21a-00448d932488" sourceRef="userTask06" targetRef="nestedJoin"></sequenceFlow>
    <userTask id="userTask07" name="User Task 07" flowable:assignee="${assignee07}">
      <extensionElements>
        <modeler:initiator-can-complete xmlns:modeler="http://flowable.org/modeler"><![CDATA[false]]></modeler:initiator-can-complete>
      </extensionElements>
    </userTask>
    <sequenceFlow id="sequenceFlow-2c1fe055-f4e0-4e4e-92a8-4e6da1abaeda" sourceRef="userTask07" targetRef="nestedJoin"></sequenceFlow>
    <userTask id="userTask08" name="User Task 08" flowable:assignee="${assignee08}">
      <extensionElements>
        <modeler:initiator-can-complete xmlns:modeler="http://flowable.org/modeler"><![CDATA[false]]></modeler:initiator-can-complete>
      </extensionElements>
    </userTask>
    <sequenceFlow id="sequenceFlow-cb70b655-a783-478e-81cf-6e9cb310f9e4" sourceRef="userTask08" targetRef="nestedJoin"></sequenceFlow>
    <parallelGateway id="nestedJoin"></parallelGateway>
    <sequenceFlow id="sequenceFlow-5c9d1f6d-c077-40ec-9246-60c41246cb73" sourceRef="nestedJoin" targetRef="userTask09"></sequenceFlow>
    <userTask id="userTask09" name="User Task 09" flowable:assignee="${assignee09}">
      <extensionElements>
        <modeler:initiator-can-complete xmlns:modeler="http://flowable.org/modeler"><![CDATA[false]]></modeler:initiator-can-complete>
      </extensionElements>
    </userTask>
    <sequenceFlow id="sequenceFlow-170a93b2-535e-4002-8f3d-9ec1171585ec" sourceRef="userTask09" targetRef="theJoin"></sequenceFlow>
    <parallelGateway id="theJoin"></parallelGateway>
    <sequenceFlow id="sequenceFlow-ef863e45-92e7-48b1-b34e-4c3466517856" sourceRef="theJoin" targetRef="serviceTask04"></sequenceFlow>
    <serviceTask id="serviceTask04" flowable:class="org.flowable.delegate.DummyServiceTask"></serviceTask>
    <sequenceFlow id="sequenceFlow-60d45265-2f58-4c70-9e55-41ff1fd3af6e" sourceRef="serviceTask04" targetRef="serviceTask05"></sequenceFlow>
    <serviceTask id="serviceTask05" flowable:class="org.flowable.delegate.DummyServiceTask"></serviceTask>
    <sequenceFlow id="sequenceFlow-a59b457f-8d27-4f12-a448-f59bbe2624de" sourceRef="serviceTask05" targetRef="serviceTask06"></sequenceFlow>
    <serviceTask id="serviceTask06" flowable:class="org.flowable.delegate.DummyServiceTask"></serviceTask>
    <sequenceFlow id="sequenceFlow-41d652c7-8de7-4e75-97dc-fffa2a91da81" sourceRef="serviceTask06" targetRef="theEnd"></sequenceFlow>
    <endEvent id="theEnd" name="End"></endEvent>
    <sequenceFlow id="sid-C50DD6DD-2A70-43ED-B9B6-71EE56CD1F07" sourceRef="theStart" targetRef="sid-A1874D3E-D556-4D03-B0D4-A80CBE130AFD"></sequenceFlow>
    <sequenceFlow id="sid-A691B651-5001-4450-8B34-1CEAE77A83E1" sourceRef="sid-A1874D3E-D556-4D03-B0D4-A80CBE130AFD" targetRef="sid-1558F7CE-2BB1-4AE6-B2AD-E4BFFA9A4C79"></sequenceFlow>
    <sequenceFlow id="sid-144D0077-8405-4DA0-B922-B6E863778381" sourceRef="sid-1558F7CE-2BB1-4AE6-B2AD-E4BFFA9A4C79" targetRef="userTask01"></sequenceFlow>
    <scriptTask id="sid-A1874D3E-D556-4D03-B0D4-A80CBE130AFD" name="Set Customer" scriptFormat="JavaScript" flowable:autoStoreVariables="false">
      <script><![CDATA[execution.setVariable("customer", "John Tower");
execution.setVariable("city", "New York - NY");]]></script>
    </scriptTask>
    <scriptTask id="sid-1558F7CE-2BB1-4AE6-B2AD-E4BFFA9A4C79" name="Set Address" scriptFormat="JavaScript" flowable:autoStoreVariables="false">
      <script><![CDATA[execution.setVariable("address", "5th avenue, 2300 - floor 8");]]></script>
    </scriptTask>
  </process>
  <bpmndi:BPMNDiagram id="BPMNDiagram_testProcess">
    <bpmndi:BPMNPlane bpmnElement="testProcess" id="BPMNPlane_testProcess">
      <bpmndi:BPMNShape bpmnElement="theStart" id="BPMNShape_theStart">
        <omgdc:Bounds height="30.0" width="30.0" x="95.0" y="465.0"></omgdc:Bounds>
      </bpmndi:BPMNShape>
      <bpmndi:BPMNShape bpmnElement="userTask01" id="BPMNShape_userTask01">
        <omgdc:Bounds height="60.0" width="100.0" x="207.0" y="450.0"></omgdc:Bounds>
      </bpmndi:BPMNShape>
      <bpmndi:BPMNShape bpmnElement="theFork" id="BPMNShape_theFork">
        <omgdc:Bounds height="40.0" width="40.0" x="332.0" y="460.0"></omgdc:Bounds>
      </bpmndi:BPMNShape>
      <bpmndi:BPMNShape bpmnElement="userTask02" id="BPMNShape_userTask02">
        <omgdc:Bounds height="60.0" width="100.0" x="422.0" y="225.0"></omgdc:Bounds>
      </bpmndi:BPMNShape>
      <bpmndi:BPMNShape bpmnElement="serviceTask01" id="BPMNShape_serviceTask01">
        <omgdc:Bounds height="60.0" width="100.0" x="567.0" y="0.0"></omgdc:Bounds>
      </bpmndi:BPMNShape>
      <bpmndi:BPMNShape bpmnElement="serviceTask02" id="BPMNShape_serviceTask02">
        <omgdc:Bounds height="60.0" width="100.0" x="722.0" y="158.0"></omgdc:Bounds>
      </bpmndi:BPMNShape>
      <bpmndi:BPMNShape bpmnElement="serviceTask03" id="BPMNShape_serviceTask03">
        <omgdc:Bounds height="60.0" width="100.0" x="872.0" y="316.0"></omgdc:Bounds>
      </bpmndi:BPMNShape>
      <bpmndi:BPMNShape bpmnElement="userTask03" id="BPMNShape_userTask03">
        <omgdc:Bounds height="60.0" width="100.0" x="422.0" y="690.0"></omgdc:Bounds>
      </bpmndi:BPMNShape>
      <bpmndi:BPMNShape bpmnElement="nestedFork" id="BPMNShape_nestedFork">
        <omgdc:Bounds height="40.0" width="40.0" x="452.0" y="460.0"></omgdc:Bounds>
      </bpmndi:BPMNShape>
      <bpmndi:BPMNShape bpmnElement="userTask04" id="BPMNShape_userTask04">
        <omgdc:Bounds height="60.0" width="100.0" x="572.0" y="320.0"></omgdc:Bounds>
      </bpmndi:BPMNShape>
      <bpmndi:BPMNShape bpmnElement="userTask05" id="BPMNShape_userTask05">
        <omgdc:Bounds height="60.0" width="100.0" x="572.0" y="800.0"></omgdc:Bounds>
      </bpmndi:BPMNShape>
      <bpmndi:BPMNShape bpmnElement="userTask06" id="BPMNShape_userTask06">
        <omgdc:Bounds height="60.0" width="100.0" x="572.0" y="480.0"></omgdc:Bounds>
      </bpmndi:BPMNShape>
      <bpmndi:BPMNShape bpmnElement="userTask07" id="BPMNShape_userTask07">
        <omgdc:Bounds height="60.0" width="100.0" x="572.0" y="160.0"></omgdc:Bounds>
      </bpmndi:BPMNShape>
      <bpmndi:BPMNShape bpmnElement="userTask08" id="BPMNShape_userTask08">
        <omgdc:Bounds height="60.0" width="100.0" x="572.0" y="640.0"></omgdc:Bounds>
      </bpmndi:BPMNShape>
      <bpmndi:BPMNShape bpmnElement="nestedJoin" id="BPMNShape_nestedJoin">
        <omgdc:Bounds height="40.0" width="40.0" x="752.0" y="490.0"></omgdc:Bounds>
      </bpmndi:BPMNShape>
      <bpmndi:BPMNShape bpmnElement="userTask09" id="BPMNShape_userTask09">
        <omgdc:Bounds height="60.0" width="100.0" x="872.0" y="477.0"></omgdc:Bounds>
      </bpmndi:BPMNShape>
      <bpmndi:BPMNShape bpmnElement="theJoin" id="BPMNShape_theJoin">
        <omgdc:Bounds height="40.0" width="40.0" x="1022.0" y="485.0"></omgdc:Bounds>
      </bpmndi:BPMNShape>
      <bpmndi:BPMNShape bpmnElement="serviceTask04" id="BPMNShape_serviceTask04">
        <omgdc:Bounds height="60.0" width="100.0" x="1112.0" y="475.0"></omgdc:Bounds>
      </bpmndi:BPMNShape>
      <bpmndi:BPMNShape bpmnElement="serviceTask05" id="BPMNShape_serviceTask05">
        <omgdc:Bounds height="60.0" width="100.0" x="1262.0" y="475.0"></omgdc:Bounds>
      </bpmndi:BPMNShape>
      <bpmndi:BPMNShape bpmnElement="serviceTask06" id="BPMNShape_serviceTask06">
        <omgdc:Bounds height="60.0" width="100.0" x="1412.0" y="475.0"></omgdc:Bounds>
      </bpmndi:BPMNShape>
      <bpmndi:BPMNShape bpmnElement="theEnd" id="BPMNShape_theEnd">
        <omgdc:Bounds height="28.0" width="28.0" x="1562.0" y="491.0"></omgdc:Bounds>
      </bpmndi:BPMNShape>
      <bpmndi:BPMNShape bpmnElement="sid-A1874D3E-D556-4D03-B0D4-A80CBE130AFD" id="BPMNShape_sid-A1874D3E-D556-4D03-B0D4-A80CBE130AFD">
        <omgdc:Bounds height="80.0" width="100.0" x="60.0" y="285.0"></omgdc:Bounds>
      </bpmndi:BPMNShape>
      <bpmndi:BPMNShape bpmnElement="sid-1558F7CE-2BB1-4AE6-B2AD-E4BFFA9A4C79" id="BPMNShape_sid-1558F7CE-2BB1-4AE6-B2AD-E4BFFA9A4C79">
        <omgdc:Bounds height="80.0" width="100.0" x="207.0" y="285.0"></omgdc:Bounds>
      </bpmndi:BPMNShape>
      <bpmndi:BPMNEdge bpmnElement="sequenceFlow-9528d357-c425-4ee6-b21a-00448d932488" id="BPMNEdge_sequenceFlow-9528d357-c425-4ee6-b21a-00448d932488">
        <omgdi:waypoint x="671.9499999999999" y="510.0"></omgdi:waypoint>
        <omgdi:waypoint x="752.0" y="510.0"></omgdi:waypoint>
      </bpmndi:BPMNEdge>
      <bpmndi:BPMNEdge bpmnElement="sequenceFlow-a59b457f-8d27-4f12-a448-f59bbe2624de" id="BPMNEdge_sequenceFlow-a59b457f-8d27-4f12-a448-f59bbe2624de">
        <omgdi:waypoint x="1361.9499999997022" y="505.0"></omgdi:waypoint>
        <omgdi:waypoint x="1411.9999999999363" y="505.0"></omgdi:waypoint>
      </bpmndi:BPMNEdge>
      <bpmndi:BPMNEdge bpmnElement="sequenceFlow-be484963-0d94-48fc-a6eb-594e896a5d84" id="BPMNEdge_sequenceFlow-be484963-0d94-48fc-a6eb-594e896a5d84">
        <omgdi:waypoint x="306.95000000000005" y="480.0"></omgdi:waypoint>
        <omgdi:waypoint x="332.0" y="480.0"></omgdi:waypoint>
      </bpmndi:BPMNEdge>
      <bpmndi:BPMNEdge bpmnElement="sequenceFlow-60d45265-2f58-4c70-9e55-41ff1fd3af6e" id="BPMNEdge_sequenceFlow-60d45265-2f58-4c70-9e55-41ff1fd3af6e">
        <omgdi:waypoint x="1211.9499999997022" y="505.0"></omgdi:waypoint>
        <omgdi:waypoint x="1261.9999999999363" y="505.0"></omgdi:waypoint>
      </bpmndi:BPMNEdge>
      <bpmndi:BPMNEdge bpmnElement="sequenceFlow-92fa8e44-4907-4bf3-8198-4a8833ca5054" id="BPMNEdge_sequenceFlow-92fa8e44-4907-4bf3-8198-4a8833ca5054">
        <omgdi:waypoint x="371.9189252336448" y="480.0"></omgdi:waypoint>
        <omgdi:waypoint x="384.0" y="480.0"></omgdi:waypoint>
        <omgdi:waypoint x="384.0" y="255.0"></omgdi:waypoint>
        <omgdi:waypoint x="422.0" y="255.0"></omgdi:waypoint>
      </bpmndi:BPMNEdge>
      <bpmndi:BPMNEdge bpmnElement="sid-C50DD6DD-2A70-43ED-B9B6-71EE56CD1F07" id="BPMNEdge_sid-C50DD6DD-2A70-43ED-B9B6-71EE56CD1F07">
        <omgdi:waypoint x="110.0" y="465.0"></omgdi:waypoint>
        <omgdi:waypoint x="110.0" y="364.95000000000005"></omgdi:waypoint>
      </bpmndi:BPMNEdge>
      <bpmndi:BPMNEdge bpmnElement="sequenceFlow-72fb36d8-ad13-4a6d-9b3a-c636db067136" id="BPMNEdge_sequenceFlow-72fb36d8-ad13-4a6d-9b3a-c636db067136">
        <omgdi:waypoint x="491.9339371980676" y="480.0"></omgdi:waypoint>
        <omgdi:waypoint x="534.0" y="480.0"></omgdi:waypoint>
        <omgdi:waypoint x="534.0" y="190.0"></omgdi:waypoint>
        <omgdi:waypoint x="572.0" y="190.0"></omgdi:waypoint>
      </bpmndi:BPMNEdge>
      <bpmndi:BPMNEdge bpmnElement="sequenceFlow-ea7ed625-3d07-46b3-8c6f-a1db6e02f72a" id="BPMNEdge_sequenceFlow-ea7ed625-3d07-46b3-8c6f-a1db6e02f72a">
        <omgdi:waypoint x="521.9499999999838" y="255.0"></omgdi:waypoint>
        <omgdi:waypoint x="534.0" y="255.0"></omgdi:waypoint>
        <omgdi:waypoint x="534.0" y="30.0"></omgdi:waypoint>
        <omgdi:waypoint x="566.9999999999985" y="30.0"></omgdi:waypoint>
      </bpmndi:BPMNEdge>
      <bpmndi:BPMNEdge bpmnElement="sequenceFlow-9bdaa218-0116-4dcc-ac14-7801d73567af" id="BPMNEdge_sequenceFlow-9bdaa218-0116-4dcc-ac14-7801d73567af">
        <omgdi:waypoint x="671.9499999999999" y="350.0"></omgdi:waypoint>
        <omgdi:waypoint x="684.0" y="350.0"></omgdi:waypoint>
        <omgdi:waypoint x="684.0" y="510.0"></omgdi:waypoint>
        <omgdi:waypoint x="752.0" y="510.0"></omgdi:waypoint>
      </bpmndi:BPMNEdge>
      <bpmndi:BPMNEdge bpmnElement="sequenceFlow-2c1fe055-f4e0-4e4e-92a8-4e6da1abaeda" id="BPMNEdge_sequenceFlow-2c1fe055-f4e0-4e4e-92a8-4e6da1abaeda">
        <omgdi:waypoint x="671.9499999999484" y="190.0"></omgdi:waypoint>
        <omgdi:waypoint x="684.0" y="190.0"></omgdi:waypoint>
        <omgdi:waypoint x="684.0" y="510.0"></omgdi:waypoint>
        <omgdi:waypoint x="752.0" y="510.0"></omgdi:waypoint>
      </bpmndi:BPMNEdge>
      <bpmndi:BPMNEdge bpmnElement="sequenceFlow-cb70b655-a783-478e-81cf-6e9cb310f9e4" id="BPMNEdge_sequenceFlow-cb70b655-a783-478e-81cf-6e9cb310f9e4">
        <omgdi:waypoint x="671.9499999998994" y="670.0"></omgdi:waypoint>
        <omgdi:waypoint x="684.0" y="670.0"></omgdi:waypoint>
        <omgdi:waypoint x="684.0" y="510.0"></omgdi:waypoint>
        <omgdi:waypoint x="752.0" y="510.0"></omgdi:waypoint>
      </bpmndi:BPMNEdge>
      <bpmndi:BPMNEdge bpmnElement="sequenceFlow-ef863e45-92e7-48b1-b34e-4c3466517856" id="BPMNEdge_sequenceFlow-ef863e45-92e7-48b1-b34e-4c3466517856">
        <omgdi:waypoint x="1061.9416944213156" y="505.0"></omgdi:waypoint>
        <omgdi:waypoint x="1111.9999999999097" y="505.0"></omgdi:waypoint>
      </bpmndi:BPMNEdge>
      <bpmndi:BPMNEdge bpmnElement="sequenceFlow-6919a01c-ba7d-4d08-bc70-1f870d6b9bc0" id="BPMNEdge_sequenceFlow-6919a01c-ba7d-4d08-bc70-1f870d6b9bc0">
        <omgdi:waypoint x="671.9499999999999" y="830.0"></omgdi:waypoint>
        <omgdi:waypoint x="684.0" y="830.0"></omgdi:waypoint>
        <omgdi:waypoint x="684.0" y="510.0"></omgdi:waypoint>
        <omgdi:waypoint x="752.0" y="510.0"></omgdi:waypoint>
      </bpmndi:BPMNEdge>
      <bpmndi:BPMNEdge bpmnElement="sequenceFlow-23f19015-864d-403b-9b04-55ac319b56f1" id="BPMNEdge_sequenceFlow-23f19015-864d-403b-9b04-55ac319b56f1">
        <omgdi:waypoint x="491.93443837753506" y="480.0"></omgdi:waypoint>
        <omgdi:waypoint x="536.0" y="480.0"></omgdi:waypoint>
        <omgdi:waypoint x="536.0" y="350.0"></omgdi:waypoint>
        <omgdi:waypoint x="572.0" y="350.0"></omgdi:waypoint>
      </bpmndi:BPMNEdge>
      <bpmndi:BPMNEdge bpmnElement="sequenceFlow-ca61b9e3-9574-40af-a5bc-65c854aa4236" id="BPMNEdge_sequenceFlow-ca61b9e3-9574-40af-a5bc-65c854aa4236">
        <omgdi:waypoint x="666.9499999999989" y="30.0"></omgdi:waypoint>
        <omgdi:waypoint x="684.0" y="30.0"></omgdi:waypoint>
        <omgdi:waypoint x="684.0" y="188.0"></omgdi:waypoint>
        <omgdi:waypoint x="721.9999999999769" y="188.0"></omgdi:waypoint>
      </bpmndi:BPMNEdge>
      <bpmndi:BPMNEdge bpmnElement="sequenceFlow-29bb3621-64bf-43a4-bb20-9acaf19a6177" id="BPMNEdge_sequenceFlow-29bb3621-64bf-43a4-bb20-9acaf19a6177">
        <omgdi:waypoint x="371.941694421308" y="480.0"></omgdi:waypoint>
        <omgdi:waypoint x="452.0" y="480.0"></omgdi:waypoint>
      </bpmndi:BPMNEdge>
      <bpmndi:BPMNEdge bpmnElement="sequenceFlow-b376309d-c268-490a-ba73-794c2f67ec13" id="BPMNEdge_sequenceFlow-b376309d-c268-490a-ba73-794c2f67ec13">
        <omgdi:waypoint x="821.9499999999484" y="188.0"></omgdi:waypoint>
        <omgdi:waypoint x="834.0" y="188.0"></omgdi:waypoint>
        <omgdi:waypoint x="834.0" y="346.0"></omgdi:waypoint>
        <omgdi:waypoint x="871.9999999999769" y="346.0"></omgdi:waypoint>
      </bpmndi:BPMNEdge>
      <bpmndi:BPMNEdge bpmnElement="sequenceFlow-170a93b2-535e-4002-8f3d-9ec1171585ec" id="BPMNEdge_sequenceFlow-170a93b2-535e-4002-8f3d-9ec1171585ec">
        <omgdi:waypoint x="971.9499999999838" y="507.0"></omgdi:waypoint>
        <omgdi:waypoint x="984.0" y="507.0"></omgdi:waypoint>
        <omgdi:waypoint x="984.0" y="505.0"></omgdi:waypoint>
        <omgdi:waypoint x="1022.0" y="505.0"></omgdi:waypoint>
      </bpmndi:BPMNEdge>
      <bpmndi:BPMNEdge bpmnElement="sid-A691B651-5001-4450-8B34-1CEAE77A83E1" id="BPMNEdge_sid-A691B651-5001-4450-8B34-1CEAE77A83E1">
        <omgdi:waypoint x="159.95" y="325.0"></omgdi:waypoint>
        <omgdi:waypoint x="207.0" y="325.0"></omgdi:waypoint>
      </bpmndi:BPMNEdge>
      <bpmndi:BPMNEdge bpmnElement="sequenceFlow-5c9d1f6d-c077-40ec-9246-60c41246cb73" id="BPMNEdge_sequenceFlow-5c9d1f6d-c077-40ec-9246-60c41246cb73">
        <omgdi:waypoint x="791.9339371980675" y="510.0"></omgdi:waypoint>
        <omgdi:waypoint x="834.0" y="510.0"></omgdi:waypoint>
        <omgdi:waypoint x="834.0" y="507.0"></omgdi:waypoint>
        <omgdi:waypoint x="871.9999999999769" y="507.0"></omgdi:waypoint>
      </bpmndi:BPMNEdge>
      <bpmndi:BPMNEdge bpmnElement="sequenceFlow-95c79750-b429-4179-b01b-200f641574c8" id="BPMNEdge_sequenceFlow-95c79750-b429-4179-b01b-200f641574c8">
        <omgdi:waypoint x="491.9349092284417" y="480.0"></omgdi:waypoint>
        <omgdi:waypoint x="538.0" y="480.0"></omgdi:waypoint>
        <omgdi:waypoint x="538.0" y="510.0"></omgdi:waypoint>
        <omgdi:waypoint x="571.999999999945" y="510.0"></omgdi:waypoint>
      </bpmndi:BPMNEdge>
      <bpmndi:BPMNEdge bpmnElement="sequenceFlow-ec98f678-d215-4e72-a17a-ebbeb2c90153" id="BPMNEdge_sequenceFlow-ec98f678-d215-4e72-a17a-ebbeb2c90153">
        <omgdi:waypoint x="371.9189252336448" y="480.0"></omgdi:waypoint>
        <omgdi:waypoint x="384.0" y="480.0"></omgdi:waypoint>
        <omgdi:waypoint x="384.0" y="720.0"></omgdi:waypoint>
        <omgdi:waypoint x="422.0" y="720.0"></omgdi:waypoint>
      </bpmndi:BPMNEdge>
      <bpmndi:BPMNEdge bpmnElement="sequenceFlow-41d652c7-8de7-4e75-97dc-fffa2a91da81" id="BPMNEdge_sequenceFlow-41d652c7-8de7-4e75-97dc-fffa2a91da81">
        <omgdi:waypoint x="1511.949999999996" y="505.0"></omgdi:waypoint>
        <omgdi:waypoint x="1562.0" y="505.0"></omgdi:waypoint>
      </bpmndi:BPMNEdge>
      <bpmndi:BPMNEdge bpmnElement="sid-144D0077-8405-4DA0-B922-B6E863778381" id="BPMNEdge_sid-144D0077-8405-4DA0-B922-B6E863778381">
        <omgdi:waypoint x="257.0" y="364.95000000000005"></omgdi:waypoint>
        <omgdi:waypoint x="257.0" y="450.0"></omgdi:waypoint>
      </bpmndi:BPMNEdge>
      <bpmndi:BPMNEdge bpmnElement="sequenceFlow-6a633f92-2575-4a9d-9139-e8088f12bea6" id="BPMNEdge_sequenceFlow-6a633f92-2575-4a9d-9139-e8088f12bea6">
        <omgdi:waypoint x="521.9499999998994" y="720.0"></omgdi:waypoint>
        <omgdi:waypoint x="534.0" y="720.0"></omgdi:waypoint>
        <omgdi:waypoint x="534.0" y="505.0"></omgdi:waypoint>
        <omgdi:waypoint x="1022.0" y="505.0"></omgdi:waypoint>
      </bpmndi:BPMNEdge>
      <bpmndi:BPMNEdge bpmnElement="sequenceFlow-77b9a977-f2c2-4132-911c-54fa6932d508" id="BPMNEdge_sequenceFlow-77b9a977-f2c2-4132-911c-54fa6932d508">
        <omgdi:waypoint x="491.93443837753506" y="480.0"></omgdi:waypoint>
        <omgdi:waypoint x="536.0" y="480.0"></omgdi:waypoint>
        <omgdi:waypoint x="536.0" y="670.0"></omgdi:waypoint>
        <omgdi:waypoint x="572.0" y="670.0"></omgdi:waypoint>
      </bpmndi:BPMNEdge>
      <bpmndi:BPMNEdge bpmnElement="sequenceFlow-bd0070f3-a949-4821-96ef-97971f5f9ea0" id="BPMNEdge_sequenceFlow-bd0070f3-a949-4821-96ef-97971f5f9ea0">
        <omgdi:waypoint x="491.9339371980676" y="480.0"></omgdi:waypoint>
        <omgdi:waypoint x="534.0" y="480.0"></omgdi:waypoint>
        <omgdi:waypoint x="534.0" y="830.0"></omgdi:waypoint>
        <omgdi:waypoint x="571.9999999998199" y="830.0"></omgdi:waypoint>
      </bpmndi:BPMNEdge>
      <bpmndi:BPMNEdge bpmnElement="sequenceFlow-e05e8941-bfcd-4213-b10e-a6e09d00b6ca" id="BPMNEdge_sequenceFlow-e05e8941-bfcd-4213-b10e-a6e09d00b6ca">
        <omgdi:waypoint x="971.9499999999838" y="346.0"></omgdi:waypoint>
        <omgdi:waypoint x="984.0" y="346.0"></omgdi:waypoint>
        <omgdi:waypoint x="984.0" y="505.0"></omgdi:waypoint>
        <omgdi:waypoint x="1022.0" y="505.0"></omgdi:waypoint>
      </bpmndi:BPMNEdge>
    </bpmndi:BPMNPlane>
  </bpmndi:BPMNDiagram>
</definitions>